[2026-07-14T11:05:00+05:30] Added Jenkins Kubernetes setup and pipeline configuration
└── File: logs/change.log
    ├── Choice: Implement Kubernetes-native Jenkins deployment manifests and root Jenkinsfile
    └── Changes:
        ├── jenkins-k8s-setup -> Added namespace, PVC volume, RBAC service-account, deployment, and service manifests
        └── affected files:
            ├── k8s/jenkins/namespace.yaml (New)
            ├── k8s/jenkins/volume.yaml (New)
            ├── k8s/jenkins/service-account.yaml (New)
            ├── k8s/jenkins/deployment.yaml (New)
            ├── k8s/jenkins/service.yaml (New)
            ├── k8s/jenkins/README.md (New)
            └── Jenkinsfile (New)

[2026-07-14T11:06:30+05:30] Refactored Jenkins Kubernetes manifests to match folder structure guidelines
└── File: logs/change.log
    ├── Choice: Restructure directories to deploy/kubernetes/base and overlays/ and apply Stage 3+ rules (probes, limits, nonRoot, network-policies, pdb, HPA, pinned sha256)
    └── Changes:
        ├── folder-structure-alignment -> Moved manifests from k8s/jenkins/ to deploy/kubernetes/base/ and deploy/kubernetes/overlays/
        └── rule-compliance -> Added readiness/liveness probes, resources requests/limits, runAsNonRoot context, network policies, PDB, and production HPA/image pin
        └── affected files:
            ├── deploy/kubernetes/README.md (New)
            ├── deploy/kubernetes/base/namespace.yaml (Moved/Updated)
            ├── deploy/kubernetes/base/volume.yaml (Moved/Updated)
            ├── deploy/kubernetes/base/service-account.yaml (Moved/Updated)
            ├── deploy/kubernetes/base/deployment.yaml (Moved/Updated)
            ├── deploy/kubernetes/base/service.yaml (Moved/Updated)
            ├── deploy/kubernetes/base/network-policy.yaml (New)
            ├── deploy/kubernetes/base/pdb.yaml (New)
            ├── deploy/kubernetes/base/kustomization.yaml (New)
            ├── deploy/kubernetes/overlays/dev/kustomization.yaml (New)
            ├── deploy/kubernetes/overlays/prod/hpa.yaml (New)
            └── deploy/kubernetes/overlays/prod/kustomization.yaml (New)

[2026-07-14T11:16:40+05:30] Updated Jenkins image tag to resolve plugin version mismatch
└── File: logs/change.log
    ├── Choice: Update image from jenkins/jenkins:2.452.2-lts-jdk17 to jenkins/jenkins:lts-jdk17
    └── Changes:
        ├── version-update -> Avoid compatibility errors with plugin updates on older Jenkins baseline versions
        └── affected files:
            └── deploy/kubernetes/base/deployment.yaml (Updated)

[2026-07-14T11:26:50+05:30] Upgraded Jenkins from Java 17 to Java 21 baseline
└── File: logs/change.log
    ├── Choice: Update image from jenkins/jenkins:lts-jdk17 to jenkins/jenkins:lts-jdk21, and pin JDK 21 digest in prod overlay
    └── Changes:
        ├── jdk-upgrade -> Address Java 17 deprecation / End-of-Life plan in Jenkins and switch to Java 21 runtime
        └── affected files:
            ├── deploy/kubernetes/base/deployment.yaml (Updated)
            └── deploy/kubernetes/overlays/prod/kustomization.yaml (Updated)

[2026-07-14T11:28:40+05:30] Pinned Jenkins version to secure LTS release 2.568.1-jdk21
└── File: logs/change.log
    ├── Choice: Pin exact image version 2.568.1-jdk21 in base deployment, and update pinned digest to sha256:f4f65e6cd1405cd889b7f5ac33f9d5cdc2a099de6b87fe8a3933b9c5d53d1d02 in prod overlay
    └── Changes:
        ├── security-pin -> Upgrade to Jenkins 2.568.1 to resolve multiple security vulnerabilities present in versions 2.567 and earlier (LTS 2.555.2 and earlier)
        └── affected files:
            ├── deploy/kubernetes/base/deployment.yaml (Updated)
            └── deploy/kubernetes/overlays/prod/kustomization.yaml (Updated)

[2026-07-14T12:29:50+05:30] Updated Kubernetes documentation in README
└── File: logs/change.log
    ├── Choice: Add detailed architectural explanation and Mermaid flow diagram of the Kubernetes-native Jenkins setup in deploy/kubernetes/README.md
    └── Changes:
        ├── documentation -> Expanded K8s README to cover namespace, storage (PVC), security (RBAC, NetworkPolicy), and Kustomize overlays details
        └── affected files:
            └── deploy/kubernetes/README.md (Updated)

[2026-07-20T18:11:00+05:30] Added virtual server gateway infrastructure and config compiler
└── File: logs/change.log
    ├── Choice: Implement infra-gateway/ according to gateway-folder-structure policy with dynamic compilation capability
    └── Changes:
        ├── gateway-infrastructure -> Defined layers, TLS, security headers, rate limiting, and routes configurations
        ├── nginx-apache-adapters -> Added Nginx and Apache runtime configuration generation
        ├── compiler-utility -> Created python tool to translate routing and policies into production proxy configurations
        └── affected files:
            ├── infra-gateway/README.md (New)
            ├── infra-gateway/architecture/layers.md (New)
            ├── infra-gateway/architecture/traffic-flow.md (New)
            ├── infra-gateway/architecture/failure-modes.md (New)
            ├── infra-gateway/edge/tls/termination-config (New)
            ├── infra-gateway/edge/rate-limiting/zones/per-ip (New)
            ├── infra-gateway/edge/rate-limiting/zones/per-tenant (New)
            ├── infra-gateway/edge/rate-limiting/zones/per-route (New)
            ├── infra-gateway/edge/rate-limiting/tiers/default/limits (New)
            ├── infra-gateway/edge/security-headers/policy (New)
            ├── infra-gateway/edge/request-enrichment/policy (New)
            ├── infra-gateway/routing/rules/example-app/routes (New)
            ├── infra-gateway/routing/upstreams/user-service/pool-config (New)
            ├── infra-gateway/routing/upstreams/product-service/pool-config (New)
            ├── infra-gateway/routing/upstreams/order-service/pool-config (New)
            ├── infra-gateway/routing/health-checks/user-service/config (New)
            ├── infra-gateway/routing/health-checks/product-service/config (New)
            ├── infra-gateway/routing/health-checks/order-service/config (New)
            ├── infra-gateway/routing/timeouts/hierarchy (New)
            ├── infra-gateway/auth/strategy.md (New)
            ├── infra-gateway/auth/flows/jwt/flow (New)
            ├── infra-gateway/observability/access-log-format (New)
            ├── infra-gateway/observability/metrics/what-to-expose (New)
            ├── infra-gateway/observability/tracing/propagation (New)
            ├── infra-gateway/runtime-adapters/README.md (New)
            ├── infra-gateway/runtime-adapters/compiler.py (New)
            ├── infra-gateway/runtime-adapters/nginx/README.md (New)
            ├── infra-gateway/runtime-adapters/nginx/nginx.conf (New)
            ├── infra-gateway/runtime-adapters/apache/README.md (New)
            └── infra-gateway/runtime-adapters/apache/httpd.conf (New)

[2026-07-20T18:12:30+05:30] Added Traefik support, Kubernetes deployment manifests, and gateway tests
└── File: logs/change.log
    ├── Choice: Extend compiler.py to support Traefik and add standard non-root gateway deployment manifests for Kubernetes
    └── Changes:
        ├── traefik-compiler -> Implemented generate_traefik parser inside compiler.py to produce dynamic yaml configs
        ├── kubernetes-manifests -> Added Nginx, Apache, and Traefik Deployments and Services for target gateway environments
        ├── test-coverage -> Added unit tests verifying config parsing and multi-proxy generation logic (Nginx, Apache, Traefik)
        └── affected files:
            ├── infra-gateway/runtime-adapters/compiler.py (Updated)
            ├── infra-gateway/runtime-adapters/traefik/README.md (New)
            ├── infra-gateway/runtime-adapters/traefik/traefik.yaml (New)
            ├── deploy/kubernetes/gateways/nginx/deployment.yaml (New)
            ├── deploy/kubernetes/gateways/nginx/service.yaml (New)
            ├── deploy/kubernetes/gateways/apache/deployment.yaml (New)
            ├── deploy/kubernetes/gateways/apache/service.yaml (New)
            ├── deploy/kubernetes/gateways/traefik/deployment.yaml (New)
            ├── deploy/kubernetes/gateways/traefik/service.yaml (New)
            └── infra-gateway/tests/test_compiler.py (New)
